[06Aug2025 04:16:14.670] [main/INFO] [cpw.mods.modlauncher.Launcher/MODLAUNCHER]: ModLauncher running: args [--launchTarget, neoforgeserver, --fml.neoForgeVersion, 21.5.87, --fml.fmlVersion, 7.0.13, --fml.mcVersion, 1.21.5, --fml.neoFormVersion, 20250325.162830, nogui]
[06Aug2025 04:16:14.674] [main/INFO] [cpw.mods.modlauncher.Launcher/MODLAUNCHER]: JVM identified as Ubuntu OpenJDK 64-Bit Server VM 21.0.8+9-Ubuntu-0ubuntu124.04.1
[06Aug2025 04:16:14.675] [main/INFO] [cpw.mods.modlauncher.Launcher/MODLAUNCHER]: ModLauncher 11.0.4+main.d2e20e43 starting: java version 21.0.8 by Ubuntu; OS Linux arch amd64 version 6.8.0-1030-azure
[06Aug2025 04:16:15.511] [main/INFO] [net.neoforged.fml.loading.ImmediateWindowHandler/]: ImmediateWindowProvider not loading because launch target is neoforgeserver
[06Aug2025 04:16:15.575] [main/INFO] [mixin/]: SpongePowered MIXIN Subsystem Version=0.8.7 Source=union:/workspaces/Nuevo/servidor_minecraft/libraries/net/fabricmc/sponge-mixin/0.15.2+mixin.0.8.7/sponge-mixin-0.15.2+mixin.0.8.7.jar%2385!/ Service=ModLauncher Env=SERVER
[06Aug2025 04:16:16.417] [main/INFO] [net.neoforged.fml.loading.moddiscovery.ModDiscoverer/SCAN]: Found mod file "server-1.21.5-20250325.162830-srg.jar" [locator: production server provider +net.neoforged:neoforge:21.5.87:server]
[06Aug2025 04:16:16.475] [main/INFO] [net.neoforged.fml.loading.moddiscovery.ModDiscoverer/SCAN]: Found mod file "neoforge-21.5.87-universal.jar" [locator: PathBasedLocator[name=neoforge, paths=[libraries/net/neoforged/neoforge/21.5.87/neoforge-21.5.87-universal.jar]], reader: mod manifest]
[06Aug2025 04:16:16.485] [main/INFO] [net.neoforged.fml.loading.moddiscovery.ModDiscoverer/SCAN]: Found mod file "BiomesOPlenty-neoforge-1.21.5-21.4.0.61.jar" [locator: {mods folder locator at /workspaces/Nuevo/servidor_minecraft/mods}, reader: mod manifest]
[06Aug2025 04:16:16.488] [main/INFO] [net.neoforged.fml.loading.moddiscovery.ModDiscoverer/SCAN]: Found mod file "camera-neoforge-1.21.5-1.1.7.jar" [locator: {mods folder locator at /workspaces/Nuevo/servidor_minecraft/mods}, reader: mod manifest]
[06Aug2025 04:16:16.491] [main/INFO] [net.neoforged.fml.loading.moddiscovery.ModDiscoverer/SCAN]: Found mod file "collective-1.21.5-8.3.jar" [locator: {mods folder locator at /workspaces/Nuevo/servidor_minecraft/mods}, reader: mod manifest]
[06Aug2025 04:16:16.497] [main/INFO] [net.neoforged.fml.loading.moddiscovery.ModDiscoverer/SCAN]: Found mod file "corpse-neoforge-1.21.5-1.1.10.jar" [locator: {mods folder locator at /workspaces/Nuevo/servidor_minecraft/mods}, reader: mod manifest]
[06Aug2025 04:16:16.500] [main/INFO] [net.neoforged.fml.loading.moddiscovery.ModDiscoverer/SCAN]: Found mod file "CreativeCore_NEOFORGE_v2.13.2_mc1.21.5.jar" [locator: {mods folder locator at /workspaces/Nuevo/servidor_minecraft/mods}, reader: mod manifest]
[06Aug2025 04:16:16.503] [main/INFO] [net.neoforged.fml.loading.moddiscovery.ModDiscoverer/SCAN]: Found mod file "entity_model_features_neoforge_1.21.5-2.4.4.jar" [locator: {mods folder locator at /workspaces/Nuevo/servidor_minecraft/mods}, reader: mod manifest]
[06Aug2025 04:16:16.506] [main/INFO] [net.neoforged.fml.loading.moddiscovery.ModDiscoverer/SCAN]: Found mod file "entity_texture_features_neoforge_1.21.5-6.2.13.jar" [locator: {mods folder locator at /workspaces/Nuevo/servidor_minecraft/mods}, reader: mod manifest]
[06Aug2025 04:16:16.509] [main/INFO] [net.neoforged.fml.loading.moddiscovery.ModDiscoverer/SCAN]: Found mod file "GlitchCore-neoforge-1.21.5-2.5.0.1.jar" [locator: {mods folder locator at /workspaces/Nuevo/servidor_minecraft/mods}, reader: mod manifest]
[06Aug2025 04:16:16.511] [main/INFO] [net.neoforged.fml.loading.moddiscovery.ModDiscoverer/SCAN]: Found mod file "infinitetrading-1.21.5-4.6.jar" [locator: {mods folder locator at /workspaces/Nuevo/servidor_minecraft/mods}, reader: mod manifest]
[06Aug2025 04:16:16.516] [main/INFO] [net.neoforged.fml.loading.moddiscovery.ModDiscoverer/SCAN]: Found mod file "iris-neoforge-1.8.11+mc1.21.5.jar" [locator: {mods folder locator at /workspaces/Nuevo/servidor_minecraft/mods}, reader: mod manifest]
[06Aug2025 04:16:16.526] [main/INFO] [net.neoforged.fml.loading.moddiscovery.ModDiscoverer/SCAN]: Found mod file "Jade-1.21.5-NeoForge-18.2.0.jar" [locator: {mods folder locator at /workspaces/Nuevo/servidor_minecraft/mods}, reader: mod manifest]
[06Aug2025 04:16:16.536] [main/INFO] [net.neoforged.fml.loading.moddiscovery.ModDiscoverer/SCAN]: Found mod file "jei-1.21.5-neoforge-21.4.0.27.jar" [locator: {mods folder locator at /workspaces/Nuevo/servidor_minecraft/mods}, reader: mod manifest]
[06Aug2025 04:16:16.540] [main/INFO] [net.neoforged.fml.loading.moddiscovery.ModDiscoverer/SCAN]: Found mod file "journeymap-neoforge-1.21.5-6.0.0-beta.52.jar" [locator: {mods folder locator at /workspaces/Nuevo/servidor_minecraft/mods}, reader: mod manifest]
[06Aug2025 04:16:16.542] [main/INFO] [net.neoforged.fml.loading.moddiscovery.ModDiscoverer/SCAN]: Found mod file "onlyhammers-1.21.5-0.7.jar" [locator: {mods folder locator at /workspaces/Nuevo/servidor_minecraft/mods}, reader: mod manifest]
[06Aug2025 04:16:16.545] [main/INFO] [net.neoforged.fml.loading.moddiscovery.ModDiscoverer/SCAN]: Found mod file "replantingcrops-1.21.5-5.5.jar" [locator: {mods folder locator at /workspaces/Nuevo/servidor_minecraft/mods}, reader: mod manifest]
[06Aug2025 04:16:16.548] [main/INFO] [net.neoforged.fml.loading.moddiscovery.ModDiscoverer/SCAN]: Found mod file "sodium-neoforge-0.6.13+mc1.21.5.jar" [locator: {mods folder locator at /workspaces/Nuevo/servidor_minecraft/mods}, reader: mod manifest]
[06Aug2025 04:16:16.551] [main/INFO] [net.neoforged.fml.loading.moddiscovery.ModDiscoverer/SCAN]: Found mod file "sophisticatedbackpacks-1.21.5-3.24.19.1294.jar" [locator: {mods folder locator at /workspaces/Nuevo/servidor_minecraft/mods}, reader: mod manifest]
[06Aug2025 04:16:16.554] [main/INFO] [net.neoforged.fml.loading.moddiscovery.ModDiscoverer/SCAN]: Found mod file "sophisticatedcore-1.21.5-1.3.59.1064.jar" [locator: {mods folder locator at /workspaces/Nuevo/servidor_minecraft/mods}, reader: mod manifest]
[06Aug2025 04:16:16.556] [main/INFO] [net.neoforged.fml.loading.moddiscovery.ModDiscoverer/SCAN]: Found mod file "TerraBlender-neoforge-1.21.5-5.0.0.1.jar" [locator: {mods folder locator at /workspaces/Nuevo/servidor_minecraft/mods}, reader: mod manifest]
[06Aug2025 04:16:16.559] [main/INFO] [net.neoforged.fml.loading.moddiscovery.ModDiscoverer/SCAN]: Found mod file "Terralith_1.21.x_v2.5.11.jar" [locator: {mods folder locator at /workspaces/Nuevo/servidor_minecraft/mods}, reader: mod manifest]
[06Aug2025 04:16:16.766] [main/INFO] [net.neoforged.fml.loading.moddiscovery.locators.JarInJarDependencyLocator/]: Found 14 dependencies adding them to mods collection
[06Aug2025 04:16:16.766] [main/INFO] [net.neoforged.fml.loading.moddiscovery.ModDiscoverer/SCAN]: Found gamelibrary file "mixinextras-neoforge-0.4.1.jar" [parent: neoforge-21.5.87-universal.jar, locator: jarinjar, reader: mod manifest]
[06Aug2025 04:16:16.766] [main/INFO] [net.neoforged.fml.loading.moddiscovery.ModDiscoverer/SCAN]: Found library file "httpmime-4.5.10.jar" [parent: entity_texture_features_neoforge_1.21.5-6.2.13.jar, locator: jarinjar]
[06Aug2025 04:16:16.767] [main/INFO] [net.neoforged.fml.loading.moddiscovery.ModDiscoverer/SCAN]: Found mod file "fabric-api-base-0.4.42+d1308ded19.jar" [parent: sodium-neoforge-0.6.13+mc1.21.5.jar, locator: jarinjar, reader: mod manifest]
[06Aug2025 04:16:16.767] [main/INFO] [net.neoforged.fml.loading.moddiscovery.ModDiscoverer/SCAN]: Found mod file "fabric-renderer-api-v1-6.0.0.jar" [parent: sodium-neoforge-0.6.13+mc1.21.5.jar, locator: jarinjar, reader: mod manifest]
[06Aug2025 04:16:16.767] [main/INFO] [net.neoforged.fml.loading.moddiscovery.ModDiscoverer/SCAN]: Found library file "net.neoforged.neoforge-coremods-21.5.87.jar" [parent: neoforge-21.5.87-universal.jar, locator: jarinjar, reader: mod manifest]
[06Aug2025 04:16:16.767] [main/INFO] [net.neoforged.fml.loading.moddiscovery.ModDiscoverer/SCAN]: Found library file "pngj-2.1.0.jar" [parent: journeymap-neoforge-1.21.5-6.0.0-beta.52.jar, locator: jarinjar]
[06Aug2025 04:16:16.767] [main/INFO] [net.neoforged.fml.loading.moddiscovery.ModDiscoverer/SCAN]: Found mod file "fabric-rendering-data-attachment-v1-0.3.48+73761d2e19.jar" [parent: sodium-neoforge-0.6.13+mc1.21.5.jar, locator: jarinjar, reader: mod manifest]
[06Aug2025 04:16:16.768] [main/INFO] [net.neoforged.fml.loading.moddiscovery.ModDiscoverer/SCAN]: Found mod file "common-networking-neoforge-1.0.18-1.21.5.jar" [parent: journeymap-neoforge-1.21.5-6.0.0-beta.52.jar, locator: jarinjar, reader: mod manifest]
[06Aug2025 04:16:16.768] [main/INFO] [net.neoforged.fml.loading.moddiscovery.ModDiscoverer/SCAN]: Found library file "antlr4-runtime-4.13.1.jar" [parent: iris-neoforge-1.8.11+mc1.21.5.jar, locator: jarinjar]
[06Aug2025 04:16:16.768] [main/INFO] [net.neoforged.fml.loading.moddiscovery.ModDiscoverer/SCAN]: Found library file "jcpp-1.4.14.jar" [parent: iris-neoforge-1.8.11+mc1.21.5.jar, locator: jarinjar]
[06Aug2025 04:16:16.768] [main/INFO] [net.neoforged.fml.loading.moddiscovery.ModDiscoverer/SCAN]: Found mod file "journeymap-api-neoforge-2.0.0-1.21.5-SNAPSHOT.jar" [parent: journeymap-neoforge-1.21.5-6.0.0-beta.52.jar, locator: jarinjar, reader: mod manifest]
[06Aug2025 04:16:16.768] [main/INFO] [net.neoforged.fml.loading.moddiscovery.ModDiscoverer/SCAN]: Found library file "net.caffeinemc.sodium-neoforge-0.6.13+mc1.21.5-service.jar" [parent: sodium-neoforge-0.6.13+mc1.21.5.jar, locator: jarinjar, reader: mod manifest]
[06Aug2025 04:16:16.769] [main/INFO] [net.neoforged.fml.loading.moddiscovery.ModDiscoverer/SCAN]: Found library file "glsl-transformer-2.0.1.jar" [parent: iris-neoforge-1.8.11+mc1.21.5.jar, locator: jarinjar]
[06Aug2025 04:16:16.769] [main/INFO] [net.neoforged.fml.loading.moddiscovery.ModDiscoverer/SCAN]: Found mod file "fabric-block-view-api-v2-1.0.10+9afaaf8c19.jar" [parent: sodium-neoforge-0.6.13+mc1.21.5.jar, locator: jarinjar, reader: mod manifest]
[06Aug2025 04:16:16.771] [main/INFO] [net.neoforged.fml.loading.moddiscovery.ModDiscoverer/]: 
     Mod List:
		Name Version (Mod Id)

		Biomes O' Plenty 21.4.0.61 (biomesoplenty)
		Camera Mod 1.21.5-1.1.7 (camera)
		Collective 8.3 (collective)
		Common Networking 1.0.18-1.21.5 (commonnetworking)
		Corpse 1.21.5-1.1.10 (corpse)
		CreativeCore 2.13.2 (creativecore)
		Entity Model Features 2.4.4 (entity_model_features)
		Entity Texture Features 6.2.13 (entity_texture_features)
		Fabric Renderer API (CaffeineMC) 6.0.0 (fabric_renderer_api_v1)
		Forgified Fabric API Base 0.4.42+d1308ded19 (fabric_api_base)
		Forgified Fabric BlockView API (v2) 1.0.10+9afaaf8c19 (fabric_block_view_api_v2)
		Forgified Fabric Rendering Data Attachment (v1) 0.3.48+73761d2e19 (fabric_rendering_data_attachment_v1)
		GlitchCore 2.5.0.1 (glitchcore)
		Infinite Trading 4.6 (infinitetrading)
		Iris 1.8.11+mc1.21.5 (iris)
		Jade 18.2.0+neoforge (jade)
		Journeymap 1.21.5-6.0.0-beta.52 (journeymap)
		JourneyMap API 2.0.0 (journeymap_api)
		Just Enough Items 21.4.0.27 (jei)
		Minecraft 1.21.5 (minecraft)
		NeoForge 21.5.87 (neoforge)
		OnlyHammers 1.21.5-0.7 (onlyhammers)
		Replanting Crops 5.5 (replantingcrops)
		Sodium 0.6.13+mc1.21.5 (sodium)
		Sophisticated Backpacks 3.24.19 (sophisticatedbackpacks)
		Sophisticated Core 1.3.59 (sophisticatedcore)
		TerraBlender 5.0.0.1 (terrablender)
		Terralith 2.5.11 (terralith)
[06Aug2025 04:16:16.839] [main/WARN] [net.neoforged.fml.loading.LanguageProviderLoader/]: Mod Mod File: /workspaces/Nuevo/servidor_minecraft/mods/Terralith_1.21.x_v2.5.11.jar is using the deprecated 'lowcodefml' language loader. This warning can be fixed by simply removing the modLoader and loaderVersion settings from neoforge.mods.toml.
[06Aug2025 04:16:17.846] [main/INFO] [mixin/]: Compatibility level set to JAVA_17
[06Aug2025 04:16:17.857] [main/INFO] [mixin/]: Compatibility level set to JAVA_21
[06Aug2025 04:16:17.932] [main/INFO] [cpw.mods.modlauncher.LaunchServiceHandler/MODLAUNCHER]: Launching target 'neoforgeserver' with arguments [nogui]
[06Aug2025 04:16:18.168] [main/WARN] [mixin/]: Reference map 'terrablender.refmap.json' for terrablender.mixins.json could not be read. If this is a development environment you can ignore this message
[06Aug2025 04:16:18.169] [main/WARN] [mixin/]: Reference map 'terrablender.refmap.json' for terrablender_neoforge.mixins.json could not be read. If this is a development environment you can ignore this message
[06Aug2025 04:16:18.171] [main/WARN] [mixin/]: Reference map 'onlyexcavators.refmap.json' for onlyhammers.mixins.json could not be read. If this is a development environment you can ignore this message
[06Aug2025 04:16:18.171] [main/WARN] [mixin/]: Reference map 'jade.refmap.json' for jade.mixins.json could not be read. If this is a development environment you can ignore this message
[06Aug2025 04:16:18.172] [main/WARN] [mixin/]: Reference map 'creativecore.mixins.refmap.json' for creativecore.mixins.json could not be read. If this is a development environment you can ignore this message
[06Aug2025 04:16:18.172] [main/WARN] [mixin/]: Reference map 'creativecore.mixins.refmap.json' for creativecore.forge.mixins.json could not be read. If this is a development environment you can ignore this message
[06Aug2025 04:16:18.179] [main/WARN] [mixin/]: Reference map 'journeymap-refmap.json' for journeymap.mixins.json could not be read. If this is a development environment you can ignore this message
[06Aug2025 04:16:18.209] [main/WARN] [mixin/]: Reference map 'iris.refmap.json' for mixins.iris.json could not be read. If this is a development environment you can ignore this message
[06Aug2025 04:16:18.210] [main/WARN] [mixin/]: Reference map 'iris.refmap.json' for mixins.iris.fantastic.json could not be read. If this is a development environment you can ignore this message
[06Aug2025 04:16:18.210] [main/WARN] [mixin/]: Reference map 'iris.refmap.json' for mixins.iris.vertexformat.json could not be read. If this is a development environment you can ignore this message
[06Aug2025 04:16:18.213] [main/WARN] [mixin/]: Reference map 'iris.refmap.json' for iris-batched-entity-rendering.mixins.json could not be read. If this is a development environment you can ignore this message
[06Aug2025 04:16:18.213] [main/WARN] [mixin/]: Reference map 'iris.refmap.json' for mixins.iris.compat.sodium.json could not be read. If this is a development environment you can ignore this message
[06Aug2025 04:16:18.217] [main/WARN] [mixin/]: Reference map 'glitchcore.refmap.json' for glitchcore.mixins.json could not be read. If this is a development environment you can ignore this message
[06Aug2025 04:16:18.217] [main/WARN] [mixin/]: Reference map 'glitchcore.refmap.json' for glitchcore.neoforge.mixins.json could not be read. If this is a development environment you can ignore this message
[06Aug2025 04:16:18.218] [main/WARN] [mixin/]: Reference map 'biomesoplenty.refmap.json' for biomesoplenty.mixins.json could not be read. If this is a development environment you can ignore this message
[06Aug2025 04:16:18.219] [main/WARN] [mixin/]: Reference map 'biomesoplenty.refmap.json' for biomesoplenty.neoforge.mixins.json could not be read. If this is a development environment you can ignore this message
[06Aug2025 04:16:18.242] [main/INFO] [Sodium/]: Loaded configuration file for Sodium: 43 options available, 1 override(s) found
[06Aug2025 04:16:18.246] [main/WARN] [mixin/]: Reference map 'camera.refmap.json' for camera.mixins.json could not be read. If this is a development environment you can ignore this message
[06Aug2025 04:16:18.471] [main/ERROR] [net.neoforged.fml.common.asm.RuntimeDistCleaner/DISTXFORM]: Attempted to load class net/minecraft/client/renderer/LevelRenderer for invalid dist DEDICATED_SERVER
[06Aug2025 04:16:18.472] [main/WARN] [mixin/]: Error loading class: net/minecraft/client/renderer/LevelRenderer (java.lang.RuntimeException: Attempted to load class net/minecraft/client/renderer/LevelRenderer for invalid dist DEDICATED_SERVER)
[06Aug2025 04:16:18.473] [main/WARN] [mixin/]: @Mixin target net.minecraft.client.renderer.LevelRenderer was not found onlyhammers.mixins.json:LevelRendererMixin from mod onlyhammers
[06Aug2025 04:16:18.669] [main/WARN] [mixin/]: Error loading class: net/minecraft/client/renderer/entity/SalmonRenderer (java.lang.ClassNotFoundException: net.minecraft.client.renderer.entity.SalmonRenderer)
[06Aug2025 04:16:18.670] [main/WARN] [mixin/]: @Mixin target net.minecraft.client.renderer.entity.SalmonRenderer was not found journeymap.mixins.json:client.SalmonRendererInvoker from mod journeymap
[06Aug2025 04:16:19.796] [main/INFO] [MixinExtras|Service/]: Initializing MixinExtras via com.llamalad7.mixinextras.service.MixinExtrasServiceImpl(version=0.4.1).
[06Aug2025 04:16:24.881] [main/WARN] [mixin/]: Injection warning: LVT in net/minecraft/world/level/BaseSpawner::serverTick(Lnet/minecraft/server/level/ServerLevel;Lnet/minecraft/core/BlockPos;)V has incompatible changes at opcode 65 in callback collective_neoforge.mixins.json:BaseSpawnerMixin from mod collective->@Inject::BaseSpawner_serverTick(Lnet/minecraft/server/level/ServerLevel;Lnet/minecraft/core/BlockPos;Lorg/spongepowered/asm/mixin/injection/callback/CallbackInfo;ZLnet/minecraft/util/RandomSource;Lnet/minecraft/world/level/SpawnData;ILnet/minecraft/nbt/CompoundTag;Ljava/util/Optional;Lnet/minecraft/world/phys/Vec3;Lnet/minecraft/core/BlockPos;Lnet/minecraft/world/entity/Entity;ILnet/minecraft/world/entity/Mob;)V.
 Expected: [Z, Lnet/minecraft/util/RandomSource;, Lnet/minecraft/world/level/SpawnData;, I, Lnet/minecraft/nbt/CompoundTag;, Ljava/util/Optional;, Lnet/minecraft/world/phys/Vec3;, Lnet/minecraft/core/BlockPos;, Lnet/minecraft/world/entity/Entity;, I, Lnet/minecraft/world/entity/Mob;]
    Found: [Z, Lnet/minecraft/util/RandomSource;, Lnet/minecraft/world/level/SpawnData;, I]
Available: [Z, Lnet/minecraft/util/RandomSource;, Lnet/minecraft/world/level/SpawnData;, I]
[06Aug2025 04:16:26.704] [modloading-worker-0/INFO] [Collective/]: Loading Collective version 8.3.
[06Aug2025 04:16:26.801] [modloading-worker-0/INFO] [net.neoforged.neoforge.common.NeoForgeMod/NEOFORGE-MOD]: NeoForge mod loading, version 21.5.87, for MC 1.21.5
[06Aug2025 04:16:28.120] [modloading-sync-worker/INFO] [terrablender/]: Registered region minecraft:overworld to index 0 for type OVERWORLD
[06Aug2025 04:16:28.121] [modloading-sync-worker/INFO] [terrablender/]: Registered region minecraft:nether to index 0 for type NETHER
[06Aug2025 04:16:28.121] [modloading-sync-worker/INFO] [terrablender/]: Registered region biomesoplenty:overworld_primary to index 1 for type OVERWORLD
[06Aug2025 04:16:28.121] [modloading-sync-worker/INFO] [terrablender/]: Registered region biomesoplenty:overworld_secondary to index 2 for type OVERWORLD
[06Aug2025 04:16:28.121] [modloading-sync-worker/INFO] [terrablender/]: Registered region biomesoplenty:overworld_rare to index 3 for type OVERWORLD
[06Aug2025 04:16:28.121] [modloading-sync-worker/INFO] [terrablender/]: Registered region biomesoplenty:nether_common to index 1 for type NETHER
[06Aug2025 04:16:28.121] [modloading-sync-worker/INFO] [terrablender/]: Registered region biomesoplenty:nether_rare to index 2 for type NETHER
[06Aug2025 04:16:28.241] [modloading-sync-worker/INFO] [snownee.jade.Jade/]: Start loading plugin from Jade: snownee.jade.addon.vanilla.VanillaPlugin
[06Aug2025 04:16:28.253] [modloading-sync-worker/INFO] [snownee.jade.Jade/]: Start loading plugin from Jade: snownee.jade.addon.universal.UniversalPlugin
[06Aug2025 04:16:28.263] [modloading-sync-worker/INFO] [snownee.jade.Jade/]: Start loading plugin from Jade: snownee.jade.addon.debug.DebugPlugin
[06Aug2025 04:16:28.264] [modloading-sync-worker/INFO] [snownee.jade.Jade/]: Start loading plugin from Jade: snownee.jade.addon.core.CorePlugin
[06Aug2025 04:16:28.264] [modloading-sync-worker/INFO] [snownee.jade.Jade/]: Start loading plugin from Jade: snownee.jade.addon.access.AccessibilityPlugin
[06Aug2025 04:16:28.265] [modloading-sync-worker/INFO] [snownee.jade.Jade/]: Start loading plugin from Camera Mod: de.maxhenkel.camera.integration.waila.PluginCamera
[06Aug2025 04:16:28.265] [modloading-sync-worker/INFO] [snownee.jade.Jade/]: Start loading plugin from Corpse: de.maxhenkel.corpse.integration.waila.PluginCorpse
[06Aug2025 04:16:28.542] [main/INFO] [com.mojang.authlib.yggdrasil.YggdrasilAuthenticationService/]: Environment: Environment[sessionHost=https://sessionserver.mojang.com, servicesHost=https://api.minecraftservices.com, name=PROD]
[06Aug2025 04:16:28.794] [NeoForge Version Check/INFO] [net.neoforged.fml.VersionChecker/]: [camera] Starting version check at https://update.maxhenkel.de/neoforge/camera
[06Aug2025 04:16:28.804] [main/WARN] [net.minecraft.server.packs.VanillaPackResourcesBuilder/]: Assets URL 'union:/workspaces/Nuevo/servidor_minecraft/libraries/net/minecraft/server/1.21.5-20250325.162830/server-1.21.5-20250325.162830-srg.jar%23161!/assets/.mcassetsroot' uses unexpected schema
[06Aug2025 04:16:28.804] [main/WARN] [net.minecraft.server.packs.VanillaPackResourcesBuilder/]: Assets URL 'union:/workspaces/Nuevo/servidor_minecraft/libraries/net/minecraft/server/1.21.5-20250325.162830/server-1.21.5-20250325.162830-srg.jar%23161!/data/.mcassetsroot' uses unexpected schema
[06Aug2025 04:16:29.446] [NeoForge Version Check/INFO] [net.neoforged.fml.VersionChecker/]: [camera] Found status: BETA Current: 1.21.5-1.1.7 Target: 1.21.5-1.1.7
[06Aug2025 04:16:29.447] [NeoForge Version Check/INFO] [net.neoforged.fml.VersionChecker/]: [journeymap] Starting version check at https://neoforge.curseupdate.com/32274/journeymap
[06Aug2025 04:16:29.596] [NeoForge Version Check/INFO] [net.neoforged.fml.VersionChecker/]: [journeymap] Found status: BETA Current: 1.21.5-6.0.0-beta.52 Target: 1.21.5-6.0.0-beta.52
[06Aug2025 04:16:29.596] [NeoForge Version Check/INFO] [net.neoforged.fml.VersionChecker/]: [corpse] Starting version check at https://update.maxhenkel.de/neoforge/corpse
[06Aug2025 04:16:29.691] [NeoForge Version Check/INFO] [net.neoforged.fml.VersionChecker/]: [corpse] Found status: BETA Current: 1.21.5-1.1.10 Target: 1.21.5-1.1.10
[06Aug2025 04:16:31.626] [main/INFO] [net.minecraft.world.item.crafting.RecipeManager/]: Loaded 1767 recipes
[06Aug2025 04:16:31.648] [main/INFO] [net.minecraft.advancements.AdvancementTree/]: Loaded 1869 advancements
[06Aug2025 04:16:31.650] [main/INFO] [net.neoforged.neoforge.common.crafting.RecipePriorityManager/]: Loaded 0 recipe priority overrides
[06Aug2025 04:16:31.655] [main/ERROR] [sophisticatedbackpacks/]: No loader defined for swords
[06Aug2025 04:16:31.961] [Server thread/INFO] [net.minecraft.server.dedicated.DedicatedServer/]: Starting minecraft server version 1.21.5
[06Aug2025 04:16:31.962] [Server thread/INFO] [net.minecraft.server.dedicated.DedicatedServer/]: Loading properties
[06Aug2025 04:16:31.962] [Server thread/INFO] [net.minecraft.server.dedicated.DedicatedServer/]: Default game type: SURVIVAL
[06Aug2025 04:16:31.962] [Server thread/INFO] [net.minecraft.server.MinecraftServer/]: Generating keypair
[06Aug2025 04:16:32.197] [Server thread/INFO] [net.minecraft.server.dedicated.DedicatedServer/]: Starting Minecraft server on *:25565
[06Aug2025 04:16:32.247] [Server thread/INFO] [net.minecraft.server.network.ServerConnectionListener/]: Using epoll channel type
[06Aug2025 04:16:32.284] [Server thread/WARN] [net.minecraft.server.dedicated.DedicatedServer/]: **** SERVER IS RUNNING IN OFFLINE/INSECURE MODE!
[06Aug2025 04:16:32.284] [Server thread/WARN] [net.minecraft.server.dedicated.DedicatedServer/]: The server will make no attempt to authenticate usernames. Beware.
[06Aug2025 04:16:32.285] [Server thread/WARN] [net.minecraft.server.dedicated.DedicatedServer/]: While this makes the game possible to play without internet access, it also opens up the ability for hackers to connect with any username they choose.
[06Aug2025 04:16:32.285] [Server thread/WARN] [net.minecraft.server.dedicated.DedicatedServer/]: To change this, set "online-mode" to "true" in the server.properties file.
[06Aug2025 04:16:32.301] [Server thread/INFO] [journeymap/]: Loading JourneyMap Forge Configs
[06Aug2025 04:16:32.343] [Server thread/WARN] [net.neoforged.neoforge.server.ServerLifecycleHooks/]: Detected minecraft:camel that was registered with CREATURE mob category but was added under AMBIENT mob category for terralith:desert_spires biome! Mobs should be added to biomes under the same mob category that the mob was registered as to prevent mob cap spawning issues.
[06Aug2025 04:16:32.369] [Server thread/WARN] [net.neoforged.neoforge.server.ServerLifecycleHooks/]: Detected minecraft:ocelot that was registered with CREATURE mob category but was added under MONSTER mob category for biomesoplenty:rainforest biome! Mobs should be added to biomes under the same mob category that the mob was registered as to prevent mob cap spawning issues.
[06Aug2025 04:16:32.371] [Server thread/WARN] [net.neoforged.neoforge.server.ServerLifecycleHooks/]: Detected minecraft:ocelot that was registered with CREATURE mob category but was added under MONSTER mob category for biomesoplenty:rocky_rainforest biome! Mobs should be added to biomes under the same mob category that the mob was registered as to prevent mob cap spawning issues.
[06Aug2025 04:16:32.735] [Server thread/INFO] [terrablender/]: Initialized TerraBlender biomes for level stem minecraft:overworld
[06Aug2025 04:16:32.736] [Server thread/INFO] [terrablender/]: Initialized TerraBlender biomes for level stem minecraft:the_nether
[06Aug2025 04:16:32.737] [Server thread/INFO] [net.minecraft.server.dedicated.DedicatedServer/]: Preparing level "world"
[06Aug2025 04:16:33.263] [Server thread/INFO] [net.minecraft.server.MinecraftServer/]: Preparing start region for dimension minecraft:overworld
[06Aug2025 04:16:40.999] [Worker-Main-1/INFO] [net.minecraft.server.level.progress.LoggerChunkProgressListener/]: Preparing spawn area: 0%
[06Aug2025 04:16:41.000] [Worker-Main-1/INFO] [net.minecraft.server.level.progress.LoggerChunkProgressListener/]: Preparing spawn area: 0%
[06Aug2025 04:16:41.002] [Worker-Main-1/INFO] [net.minecraft.server.level.progress.LoggerChunkProgressListener/]: Preparing spawn area: 0%
[06Aug2025 04:16:41.002] [Worker-Main-1/INFO] [net.minecraft.server.level.progress.LoggerChunkProgressListener/]: Preparing spawn area: 0%
[06Aug2025 04:16:41.003] [Worker-Main-1/INFO] [net.minecraft.server.level.progress.LoggerChunkProgressListener/]: Preparing spawn area: 0%
[06Aug2025 04:16:41.003] [Worker-Main-1/INFO] [net.minecraft.server.level.progress.LoggerChunkProgressListener/]: Preparing spawn area: 0%
[06Aug2025 04:16:41.004] [Worker-Main-1/INFO] [net.minecraft.server.level.progress.LoggerChunkProgressListener/]: Preparing spawn area: 0%
[06Aug2025 04:16:41.006] [Worker-Main-1/INFO] [net.minecraft.server.level.progress.LoggerChunkProgressListener/]: Preparing spawn area: 0%
[06Aug2025 04:16:41.006] [Worker-Main-1/INFO] [net.minecraft.server.level.progress.LoggerChunkProgressListener/]: Preparing spawn area: 0%
[06Aug2025 04:16:41.007] [Worker-Main-1/INFO] [net.minecraft.server.level.progress.LoggerChunkProgressListener/]: Preparing spawn area: 0%
[06Aug2025 04:16:41.008] [Worker-Main-1/INFO] [net.minecraft.server.level.progress.LoggerChunkProgressListener/]: Preparing spawn area: 0%
[06Aug2025 04:16:41.009] [Worker-Main-1/INFO] [net.minecraft.server.level.progress.LoggerChunkProgressListener/]: Preparing spawn area: 0%
[06Aug2025 04:16:41.010] [Worker-Main-1/INFO] [net.minecraft.server.level.progress.LoggerChunkProgressListener/]: Preparing spawn area: 0%
[06Aug2025 04:16:41.011] [Worker-Main-1/INFO] [net.minecraft.server.level.progress.LoggerChunkProgressListener/]: Preparing spawn area: 0%
[06Aug2025 04:16:41.011] [Worker-Main-1/INFO] [net.minecraft.server.level.progress.LoggerChunkProgressListener/]: Preparing spawn area: 0%
[06Aug2025 04:16:41.012] [Worker-Main-1/INFO] [net.minecraft.server.level.progress.LoggerChunkProgressListener/]: Preparing spawn area: 0%
[06Aug2025 04:16:41.247] [Server thread/INFO] [net.minecraft.server.level.progress.LoggerChunkProgressListener/]: Time elapsed: 7982 ms
[06Aug2025 04:16:41.248] [Server thread/INFO] [net.minecraft.server.dedicated.DedicatedServer/]: Done (8.951s)! For help, type "help"
[06Aug2025 04:16:41.328] [Server thread/INFO] [net.neoforged.neoforge.server.permission.PermissionAPI/]: Successfully initialized permission handler neoforge:default_handler
[06Aug2025 04:16:41.331] [Server thread/INFO] [journeymap/]: Loaded null for service interface journeymap.api.services.WebMapService
[06Aug2025 04:16:41.332] [Server thread/INFO] [journeymap/]: Loaded journeymap.common.helpers.NeoForgeClientHooks@2fd126fc for service interface journeymap.api.services.ClientPlatformService
[06Aug2025 04:16:41.334] [Server thread/INFO] [journeymap/]: Loaded journeymap.common.helpers.NeoForgeHooks@16de639b for service interface journeymap.api.services.CommonPlatformService
[06Aug2025 04:17:00.761] [Server thread/INFO] [net.minecraft.server.players.PlayerList/]: _Asriel_[/127.153.26.68:37065] logged in with entity id 8 at (442.0365762571105, 83.0, 722.1744766228356)
[06Aug2025 04:17:00.789] [Server thread/INFO] [net.minecraft.server.MinecraftServer/]: _Asriel_ joined the game
[06Aug2025 04:17:01.043] [Server thread/ERROR] [net.minecraft.world.item.ItemStack/]: Tried to load invalid item: 'No key id in MapLike[{}]'
[06Aug2025 04:17:01.044] [Server thread/ERROR] [net.minecraft.world.item.ItemStack/]: Tried to load invalid item: 'No key id in MapLike[{}]'
[06Aug2025 04:17:01.044] [Server thread/ERROR] [net.minecraft.world.item.ItemStack/]: Tried to load invalid item: 'No key id in MapLike[{}]'
[06Aug2025 04:17:01.044] [Server thread/ERROR] [net.minecraft.world.item.ItemStack/]: Tried to load invalid item: 'No key id in MapLike[{}]'
[06Aug2025 04:17:01.045] [Server thread/ERROR] [net.minecraft.world.item.ItemStack/]: Tried to load invalid item: 'No key id in MapLike[{}]'
[06Aug2025 04:17:01.045] [Server thread/ERROR] [net.minecraft.world.item.ItemStack/]: Tried to load invalid item: 'No key id in MapLike[{}]'
[06Aug2025 04:17:01.067] [Server thread/ERROR] [net.minecraft.world.item.ItemStack/]: Tried to load invalid item: 'No key id in MapLike[{}]'
[06Aug2025 04:17:01.068] [Server thread/ERROR] [net.minecraft.world.item.ItemStack/]: Tried to load invalid item: 'No key id in MapLike[{}]'
[06Aug2025 04:17:01.068] [Server thread/ERROR] [net.minecraft.world.item.ItemStack/]: Tried to load invalid item: 'No key id in MapLike[{}]'
[06Aug2025 04:17:03.462] [Server thread/INFO] [net.minecraft.server.players.PlayerList/]: morax[/127.16.122.42:41085] logged in with entity id 185 at (923.0005090529014, 129.0, -4.6754438110971375)
[06Aug2025 04:17:03.467] [Server thread/INFO] [net.minecraft.server.MinecraftServer/]: morax joined the game
[06Aug2025 04:17:03.607] [Server thread/ERROR] [net.minecraft.world.item.ItemStack/]: Tried to load invalid item: 'No key id in MapLike[{}]'
[06Aug2025 04:17:03.628] [Server thread/ERROR] [net.minecraft.world.item.ItemStack/]: Tried to load invalid item: 'No key id in MapLike[{}]'
[06Aug2025 04:17:03.629] [Server thread/ERROR] [net.minecraft.world.item.ItemStack/]: Tried to load invalid item: 'No key id in MapLike[{}]'
[06Aug2025 04:17:03.631] [Server thread/ERROR] [net.minecraft.world.item.ItemStack/]: Tried to load invalid item: 'No key id in MapLike[{}]'
[06Aug2025 04:17:03.631] [Server thread/ERROR] [net.minecraft.world.item.ItemStack/]: Tried to load invalid item: 'No key id in MapLike[{}]'
[06Aug2025 04:17:07.310] [Server thread/INFO] [net.minecraft.server.MinecraftServer/]: [Not Secure] <_Asriel_> cojo
[06Aug2025 04:17:11.986] [Server thread/INFO] [net.minecraft.server.MinecraftServer/]: [Not Secure] <_Asriel_> cojone XDDDD
[06Aug2025 04:17:25.151] [Server thread/INFO] [net.minecraft.server.MinecraftServer/]: [Not Secure] <_Asriel_> los menos quemadores
[06Aug2025 04:17:30.228] [Server thread/INFO] [net.minecraft.server.MinecraftServer/]: [Not Secure] <morax> i am 2 steps ahead
[06Aug2025 04:17:39.325] [Server thread/INFO] [net.minecraft.server.MinecraftServer/]: [Not Secure] <_Asriel_> fui yo primero
[06Aug2025 04:17:55.037] [Server thread/INFO] [net.minecraft.server.MinecraftServer/]: [Not Secure] <morax> se me demoro en entrar entonces
[06Aug2025 04:18:15.771] [Server thread/WARN] [net.minecraft.server.network.ServerGamePacketListenerImpl/]: morax moved too quickly! 1.4128739635132206,0.0,9.904991509443269
[06Aug2025 04:19:00.606] [Server thread/INFO] [net.minecraft.server.MinecraftServer/]: [Not Secure] <morax> acere al final puse los cunks al maximo y me va bien
[06Aug2025 04:19:14.698] [Server thread/INFO] [net.minecraft.server.MinecraftServer/]: [Not Secure] <_Asriel_> ojalá poder decir lo mismo
[06Aug2025 04:19:27.792] [Server thread/WARN] [net.minecraft.server.network.ServerGamePacketListenerImpl/]: morax moved too quickly! -5.012883479871448,-4.884159361842421,7.151497170669501
[06Aug2025 04:19:46.162] [Server thread/INFO] [net.minecraft.server.MinecraftServer/]: [Not Secure] <morax> lo mismo
[06Aug2025 04:20:06.951] [Server thread/WARN] [net.minecraft.server.network.ServerGamePacketListenerImpl/]: morax moved too quickly! 0.313462419911275,-9.121088496036336,5.309526218056135
[06Aug2025 04:20:22.990] [Server thread/INFO] [net.minecraft.server.MinecraftServer/]: [Not Secure] <morax> q buen ping tengo
[06Aug2025 04:20:44.887] [Server thread/INFO] [net.minecraft.server.MinecraftServer/]: [Not Secure] <_Asriel_> yo ando fresco
[06Aug2025 04:20:48.285] [Server thread/INFO] [net.minecraft.server.MinecraftServer/]: [Not Secure] <_Asriel_> dios estáde mi lado
[06Aug2025 04:21:03.194] [Server thread/INFO] [net.minecraft.server.MinecraftServer/]: [Not Secure] <morax> papa
[06Aug2025 04:21:23.000] [Server thread/INFO] [net.minecraft.server.MinecraftServer/]: [Not Secure] <morax> me puedes dar un stack de madera para hacer cofres pal castillo?
[06Aug2025 04:23:12.336] [Server thread/ERROR] [net.minecraft.network.protocol.game.ServerPacketListener/]: Failed to handle packet ServerboundContainerClickPacket[containerId=16, stateId=1, slotNum=86, buttonNum=0, clickType=QUICK_MOVE, changedSlots={90=>ActualItem[item=Reference{ResourceKey[minecraft:item / sophisticatedbackpacks:tank_upgrade]=sophisticatedbackpacks:tank_upgrade}, count=1, components=HashedPatchMap[addedComponents={sophisticatedcore:fluid_contents=-88203127, minecraft:container=-1978007022}, removedComponents=[]]], 86=><empty>}, carriedItem=<empty>], suppressing error
java.lang.IndexOutOfBoundsException: Index -4 out of bounds for length 6
	at java.base/jdk.internal.util.Preconditions.outOfBounds(Preconditions.java:100) ~[?:?]
	at java.base/jdk.internal.util.Preconditions.outOfBoundsCheckIndex(Preconditions.java:106) ~[?:?]
	at java.base/jdk.internal.util.Preconditions.checkIndex(Preconditions.java:302) ~[?:?]
	at java.base/java.util.Objects.checkIndex(Objects.java:385) ~[?:?]
	at java.base/java.util.ArrayList.get(ArrayList.java:427) ~[?:?]
	at TRANSFORMER/minecraft@1.21.5/net.minecraft.core.NonNullList.get(NonNullList.java:66) ~[server-1.21.5-20250325.162830-srg.jar%23161!/:?]
	at TRANSFORMER/sophisticatedcore@1.3.59/net.p3pp3rf1y.sophisticatedcore.common.gui.StorageContainerMenuBase.setRemoteSlotUnsafe(StorageContainerMenuBase.java:1005) ~[sophisticatedcore-1.21.5-1.3.59.1064.jar%23180!/:1.21.5-1.3.59.1064]
	at TRANSFORMER/minecraft@1.21.5/net.minecraft.server.network.ServerGamePacketListenerImpl.handleContainerClick(ServerGamePacketListenerImpl.java:1843) ~[server-1.21.5-20250325.162830-srg.jar%23161!/:?]
	at TRANSFORMER/minecraft@1.21.5/net.minecraft.network.protocol.game.ServerboundContainerClickPacket.handle(ServerboundContainerClickPacket.java:54) ~[server-1.21.5-20250325.162830-srg.jar%23161!/:?]
	at TRANSFORMER/minecraft@1.21.5/net.minecraft.network.protocol.game.ServerboundContainerClickPacket.handle(ServerboundContainerClickPacket.java:14) ~[server-1.21.5-20250325.162830-srg.jar%23161!/:?]
	at TRANSFORMER/minecraft@1.21.5/net.minecraft.network.protocol.PacketUtils.lambda$ensureRunningOnSameThread$0(PacketUtils.java:27) ~[server-1.21.5-20250325.162830-srg.jar%23161!/:?]
	at TRANSFORMER/minecraft@1.21.5/net.minecraft.server.TickTask.run(TickTask.java:18) ~[server-1.21.5-20250325.162830-srg.jar%23161!/:?]
	at TRANSFORMER/minecraft@1.21.5/net.minecraft.util.thread.BlockableEventLoop.doRunTask(BlockableEventLoop.java:152) ~[server-1.21.5-20250325.162830-srg.jar%23161!/:?]
	at TRANSFORMER/minecraft@1.21.5/net.minecraft.util.thread.ReentrantBlockableEventLoop.doRunTask(ReentrantBlockableEventLoop.java:23) ~[server-1.21.5-20250325.162830-srg.jar%23161!/:?]
	at TRANSFORMER/minecraft@1.21.5/net.minecraft.server.MinecraftServer.doRunTask(MinecraftServer.java:891) ~[server-1.21.5-20250325.162830-srg.jar%23161!/:?]
	at TRANSFORMER/minecraft@1.21.5/net.minecraft.server.MinecraftServer.doRunTask(MinecraftServer.java:176) ~[server-1.21.5-20250325.162830-srg.jar%23161!/:?]
	at TRANSFORMER/minecraft@1.21.5/net.minecraft.util.thread.BlockableEventLoop.pollTask(BlockableEventLoop.java:126) ~[server-1.21.5-20250325.162830-srg.jar%23161!/:?]
	at TRANSFORMER/minecraft@1.21.5/net.minecraft.server.MinecraftServer.pollTaskInternal(MinecraftServer.java:874) ~[server-1.21.5-20250325.162830-srg.jar%23161!/:?]
	at TRANSFORMER/minecraft@1.21.5/net.minecraft.server.MinecraftServer.pollTask(MinecraftServer.java:868) ~[server-1.21.5-20250325.162830-srg.jar%23161!/:?]
	at TRANSFORMER/minecraft@1.21.5/net.minecraft.util.thread.BlockableEventLoop.managedBlock(BlockableEventLoop.java:136) ~[server-1.21.5-20250325.162830-srg.jar%23161!/:?]
	at TRANSFORMER/minecraft@1.21.5/net.minecraft.server.MinecraftServer.managedBlock(MinecraftServer.java:833) ~[server-1.21.5-20250325.162830-srg.jar%23161!/:?]
	at TRANSFORMER/minecraft@1.21.5/net.minecraft.server.MinecraftServer.waitUntilNextTick(MinecraftServer.java:841) ~[server-1.21.5-20250325.162830-srg.jar%23161!/:?]
	at TRANSFORMER/minecraft@1.21.5/net.minecraft.server.MinecraftServer.runServer(MinecraftServer.java:721) ~[server-1.21.5-20250325.162830-srg.jar%23161!/:?]
	at TRANSFORMER/minecraft@1.21.5/net.minecraft.server.MinecraftServer.lambda$spin$2(MinecraftServer.java:276) ~[server-1.21.5-20250325.162830-srg.jar%23161!/:?]
	at java.base/java.lang.Thread.run(Thread.java:1583) [?:?]
[06Aug2025 04:25:52.902] [Server thread/INFO] [net.minecraft.server.players.PlayerList/]: keibel[/127.211.251.42:46061] logged in with entity id 3063 at (355.20540882429054, 114.0, 254.03965341665125)
[06Aug2025 04:25:52.914] [Server thread/INFO] [net.minecraft.server.MinecraftServer/]: keibel joined the game
[06Aug2025 04:25:52.979] [Server thread/ERROR] [net.minecraft.world.item.ItemStack/]: Tried to load invalid item: 'No key id in MapLike[{}]'
[06Aug2025 04:25:52.980] [Server thread/ERROR] [net.minecraft.world.item.ItemStack/]: Tried to load invalid item: 'No key id in MapLike[{}]'
[06Aug2025 04:25:52.980] [Server thread/ERROR] [net.minecraft.world.item.ItemStack/]: Tried to load invalid item: 'No key id in MapLike[{}]'
[06Aug2025 04:25:52.981] [Server thread/ERROR] [net.minecraft.world.item.ItemStack/]: Tried to load invalid item: 'No key id in MapLike[{}]'
[06Aug2025 04:25:52.981] [Server thread/ERROR] [net.minecraft.world.item.ItemStack/]: Tried to load invalid item: 'No key id in MapLike[{}]'
[06Aug2025 04:26:04.850] [Server thread/INFO] [net.minecraft.server.MinecraftServer/]: [Not Secure] <_Asriel_> ya matamos al dragon 7 veces
[06Aug2025 04:26:08.090] [Server thread/INFO] [net.minecraft.server.MinecraftServer/]: [Not Secure] <_Asriel_> te demoraste mucho
[06Aug2025 04:26:18.778] [Server thread/ERROR] [net.minecraft.world.item.ItemStack/]: Tried to load invalid item: 'No key id in MapLike[{}]'
[06Aug2025 04:26:20.804] [Server thread/INFO] [net.minecraft.server.MinecraftServer/]: [Not Secure] <keibel> er hueso
[06Aug2025 04:26:21.830] [Server thread/ERROR] [net.minecraft.world.item.ItemStack/]: Tried to load invalid item: 'No key id in MapLike[{}]'
[06Aug2025 04:26:23.328] [Server thread/ERROR] [net.minecraft.world.item.ItemStack/]: Tried to load invalid item: 'No key id in MapLike[{}]'
[06Aug2025 04:26:27.975] [Server thread/ERROR] [net.minecraft.world.item.ItemStack/]: Tried to load invalid item: 'No key id in MapLike[{}]'
[06Aug2025 04:26:27.975] [Server thread/ERROR] [net.minecraft.world.item.ItemStack/]: Tried to load invalid item: 'No key id in MapLike[{}]'
[06Aug2025 04:26:27.975] [Server thread/ERROR] [net.minecraft.world.item.ItemStack/]: Tried to load invalid item: 'No key id in MapLike[{}]'
[06Aug2025 04:26:27.976] [Server thread/ERROR] [net.minecraft.world.item.ItemStack/]: Tried to load invalid item: 'No key id in MapLike[{}]'
[06Aug2025 04:26:39.627] [Server thread/ERROR] [net.minecraft.world.item.ItemStack/]: Tried to load invalid item: 'No key id in MapLike[{}]'
[06Aug2025 04:26:39.629] [Server thread/ERROR] [net.minecraft.world.item.ItemStack/]: Tried to load invalid item: 'No key id in MapLike[{}]'
[06Aug2025 04:26:39.629] [Server thread/ERROR] [net.minecraft.world.item.ItemStack/]: Tried to load invalid item: 'No key id in MapLike[{}]'
[06Aug2025 04:27:05.590] [Server thread/INFO] [net.minecraft.server.MinecraftServer/]: [Not Secure] <morax> zzzz
[06Aug2025 04:27:09.153] [Server thread/INFO] [net.minecraft.server.MinecraftServer/]: [Not Secure] <keibel> zzz
[06Aug2025 04:27:14.143] [Server thread/INFO] [net.minecraft.server.MinecraftServer/]: [Not Secure] <keibel> zzzz
[06Aug2025 04:27:15.348] [Server thread/INFO] [net.minecraft.server.MinecraftServer/]: [Not Secure] <keibel> zzzzz
[06Aug2025 04:29:57.883] [Server thread/INFO] [net.minecraft.server.MinecraftServer/]: [Not Secure] <_Asriel_> eduardo dejanos un poco de conexion
[06Aug2025 04:36:47.660] [Server thread/INFO] [net.minecraft.server.MinecraftServer/]: [Not Secure] <_Asriel_> gracias hijo mio
[06Aug2025 04:37:07.539] [Server thread/INFO] [net.minecraft.server.MinecraftServer/]: [Not Secure] <_Asriel_> JAJAJA
[06Aug2025 04:37:12.736] [Server thread/INFO] [net.minecraft.server.players.PlayerList/]: desgo[/127.42.89.154:45457] logged in with entity id 7059 at (939.4999022528342, 130.4952008770059, 15.810669164157462)
[06Aug2025 04:37:12.741] [Server thread/INFO] [net.minecraft.server.MinecraftServer/]: desgo joined the game
[06Aug2025 04:37:12.810] [Server thread/ERROR] [net.minecraft.world.item.ItemStack/]: Tried to load invalid item: 'No key id in MapLike[{}]'
[06Aug2025 04:37:12.811] [Server thread/ERROR] [net.minecraft.world.item.ItemStack/]: Tried to load invalid item: 'No key id in MapLike[{}]'
[06Aug2025 04:37:12.811] [Server thread/ERROR] [net.minecraft.world.item.ItemStack/]: Tried to load invalid item: 'No key id in MapLike[{}]'
[06Aug2025 04:37:17.178] [Server thread/INFO] [net.minecraft.server.MinecraftServer/]: [Not Secure] <_Asriel_> diego
[06Aug2025 04:37:23.056] [Server thread/INFO] [net.minecraft.server.MinecraftServer/]: [Not Secure] <_Asriel_> tengo la foto de arnalda
[06Aug2025 04:37:31.762] [Server thread/INFO] [net.minecraft.server.MinecraftServer/]: [Not Secure] <desgo> bendito sea arnaldo
[06Aug2025 04:37:34.909] [Server thread/INFO] [net.minecraft.server.MinecraftServer/]: [Not Secure] <morax> me la dio el
[06Aug2025 04:37:40.983] [Server thread/INFO] [net.minecraft.server.MinecraftServer/]: [Not Secure] <_Asriel_> tengo la de la IA
[06Aug2025 04:37:42.750] [Server thread/INFO] [net.minecraft.server.MinecraftServer/]: [Not Secure] <desgo> ponlo como cristo en la cruz
[06Aug2025 04:38:57.806] [Server thread/INFO] [net.minecraft.server.MinecraftServer/]: [Not Secure] <_Asriel_> mira
[06Aug2025 04:39:04.329] [Server thread/INFO] [net.minecraft.server.MinecraftServer/]: [Not Secure] <morax> baf
[06Aug2025 04:39:08.165] [Server thread/INFO] [net.minecraft.server.MinecraftServer/]: [Not Secure] <_Asriel_> hermoso
[06Aug2025 04:39:13.080] [Server thread/INFO] [net.minecraft.server.MinecraftServer/]: [Not Secure] <morax> ven al castillo pa q veas la mia
[06Aug2025 04:39:39.745] [Server thread/INFO] [net.minecraft.server.MinecraftServer/]: [Not Secure] <_Asriel_> quien cojones dejó el corral de las vacas abierto
[06Aug2025 04:39:41.700] [Server thread/INFO] [net.minecraft.server.MinecraftServer/]: [Not Secure] <morax> pingaaaa
[06Aug2025 04:39:43.256] [Server thread/INFO] [net.minecraft.server.MinecraftServer/]: [Not Secure] <_Asriel_> para rajarles el cuello
[06Aug2025 04:40:12.991] [Server thread/INFO] [net.minecraft.server.MinecraftServer/]: [Not Secure] <morax> pinga el lag
[06Aug2025 04:41:37.277] [Server thread/INFO] [net.minecraft.server.MinecraftServer/]: [Not Secure] <morax> no acere
[06Aug2025 04:41:42.700] [Server thread/INFO] [net.minecraft.server.MinecraftServer/]: [Not Secure] <morax> yo lo tenia mejor
[06Aug2025 04:41:47.778] [Server thread/INFO] [net.minecraft.server.MinecraftServer/]: [Not Secure] <_Asriel_> donde se fue la foto de jesus
[06Aug2025 04:41:57.285] [Server thread/INFO] [net.minecraft.server.MinecraftServer/]: [Not Secure] <morax> me la quitaste
[06Aug2025 04:42:20.864] [Server thread/INFO] [net.minecraft.server.MinecraftServer/]: [Not Secure] <_Asriel_> pingaso
[06Aug2025 04:42:24.778] [Server thread/INFO] [net.minecraft.server.MinecraftServer/]: [Not Secure] <_Asriel_> por maricon
[06Aug2025 04:42:52.881] [Server thread/INFO] [net.minecraft.server.MinecraftServer/]: [Not Secure] <_Asriel_> diego
[06Aug2025 04:43:00.691] [Server thread/INFO] [net.minecraft.server.MinecraftServer/]: [Not Secure] <_Asriel_> ve al castillo de eduardo
[06Aug2025 04:43:43.180] [Server thread/INFO] [net.minecraft.server.MinecraftServer/]: [Not Secure] <_Asriel_> eduardo
[06Aug2025 04:43:46.448] [Server thread/INFO] [net.minecraft.server.MinecraftServer/]: [Not Secure] <morax> dime
[06Aug2025 04:43:46.765] [Server thread/INFO] [net.minecraft.server.MinecraftServer/]: [Not Secure] <_Asriel_> ocmo le saco copia a las img
[06Aug2025 04:43:52.763] [Server thread/INFO] [net.minecraft.server.MinecraftServer/]: [Not Secure] <morax> com papel
[06Aug2025 04:43:56.076] [Server thread/INFO] [net.minecraft.server.MinecraftServer/]: [Not Secure] <_Asriel_> cum
[06Aug2025 04:44:07.639] [Server thread/INFO] [net.minecraft.server.MinecraftServer/]: [Not Secure] <desgo> todavia te hace falta el cristal?
[06Aug2025 04:44:29.755] [Server thread/INFO] [net.minecraft.server.MinecraftServer/]: [Not Secure] <_Asriel_> es para otra csoa
[06Aug2025 04:44:35.758] [Server thread/INFO] [net.minecraft.server.MinecraftServer/]: [Not Secure] <_Asriel_> bueno espera
[06Aug2025 04:44:38.555] [Server thread/INFO] [net.minecraft.server.MinecraftServer/]: [Not Secure] <_Asriel_> te la llevo
[06Aug2025 04:44:48.938] [Server thread/INFO] [net.minecraft.server.MinecraftServer/]: [Not Secure] <desgo> que?
[06Aug2025 04:45:54.139] [Server thread/ERROR] [net.minecraft.world.item.ItemStack/]: Tried to load invalid item: 'No key id in MapLike[{}]'
[06Aug2025 04:46:40.742] [Server thread/INFO] [net.minecraft.server.MinecraftServer/]: [Not Secure] [Server] Ariel singao
[06Aug2025 04:46:45.846] [Server thread/INFO] [net.minecraft.server.MinecraftServer/]: [Not Secure] <_Asriel_> dios?
[06Aug2025 04:46:48.147] [Server thread/INFO] [net.minecraft.server.MinecraftServer/]: [Not Secure] <morax> mira es david
[06Aug2025 04:46:49.388] [Server thread/INFO] [net.minecraft.server.MinecraftServer/]: [Not Secure] <_Asriel_> SON LOS DIOSES
[06Aug2025 04:46:57.806] [Server thread/INFO] [net.minecraft.server.MinecraftServer/]: [Not Secure] <_Asriel_> DIOS ACABA DE PONER EL MOD DE LOS TANDS
[06Aug2025 04:47:02.231] [Server thread/INFO] [net.minecraft.server.MinecraftServer/]: [Not Secure] <_Asriel_> TRANS*
[06Aug2025 04:47:05.062] [Server thread/INFO] [net.minecraft.server.MinecraftServer/]: [Not Secure] <_Asriel_> STANDS*
[06Aug2025 04:48:31.207] [Server thread/INFO] [net.minecraft.server.MinecraftServer/]: [Not Secure] <morax> diego cuando termines con lo q estas haciendo me ayudas con el castillo?
[06Aug2025 04:48:41.915] [Server thread/INFO] [net.minecraft.server.MinecraftServer/]: [Not Secure] <_Asriel_> q te falta
[06Aug2025 04:48:43.894] [Server thread/INFO] [net.minecraft.server.MinecraftServer/]: [Not Secure] <desgo> okok
[06Aug2025 04:48:52.279] [Server thread/INFO] [net.minecraft.server.MinecraftServer/]: [Not Secure] <_Asriel_> okey okey
[06Aug2025 04:48:57.480] [Server thread/INFO] [net.minecraft.server.MinecraftServer/]: [Not Secure] <_Asriel_> bola e carne reference
[06Aug2025 04:49:01.878] [Server thread/INFO] [net.minecraft.server.MinecraftServer/]: [Not Secure] <desgo> referencia
[06Aug2025 04:49:04.629] [Server thread/INFO] [net.minecraft.server.MinecraftServer/]: [Not Secure] <morax> tapar el agua de abajo y empezar la muralla exterior
[06Aug2025 04:49:46.901] [Server thread/INFO] [net.minecraft.server.MinecraftServer/]: [Not Secure] <desgo> x=pinga para las x mayores de 18
[06Aug2025 04:50:00.210] [Server thread/INFO] [net.minecraft.server.MinecraftServer/]: [Not Secure] <morax> si
[06Aug2025 04:52:02.784] [Server thread/ERROR] [net.minecraft.world.item.ItemStack/]: Tried to load invalid item: 'No key id in MapLike[{}]'
[06Aug2025 04:52:03.433] [Server thread/ERROR] [net.minecraft.world.item.ItemStack/]: Tried to load invalid item: 'No key id in MapLike[{}]'
[06Aug2025 04:52:03.433] [Server thread/ERROR] [net.minecraft.world.item.ItemStack/]: Tried to load invalid item: 'No key id in MapLike[{}]'
[06Aug2025 04:52:03.433] [Server thread/ERROR] [net.minecraft.world.item.ItemStack/]: Tried to load invalid item: 'No key id in MapLike[{}]'
[06Aug2025 04:52:03.434] [Server thread/ERROR] [net.minecraft.world.item.ItemStack/]: Tried to load invalid item: 'No key id in MapLike[{}]'
[06Aug2025 04:52:03.434] [Server thread/ERROR] [net.minecraft.world.item.ItemStack/]: Tried to load invalid item: 'No key id in MapLike[{}]'
[06Aug2025 04:52:03.434] [Server thread/ERROR] [net.minecraft.world.item.ItemStack/]: Tried to load invalid item: 'No key id in MapLike[{}]'
[06Aug2025 04:53:58.994] [Server thread/INFO] [net.minecraft.server.MinecraftServer/]: Only players may be affected by this command, but the provided selector includes entities
[06Aug2025 04:53:58.995] [Server thread/INFO] [net.minecraft.server.MinecraftServer/]: give @e chorus_flower<--[HERE]
[06Aug2025 04:54:16.489] [Server thread/INFO] [net.minecraft.server.MinecraftServer/]: No player was found
[06Aug2025 04:54:25.242] [Server thread/INFO] [net.minecraft.server.MinecraftServer/]: Gave 1 [Chorus Flower] to desgo
[06Aug2025 04:54:45.287] [Server thread/INFO] [net.minecraft.server.MinecraftServer/]: Gave 1 [Chorus Flower] to morax
[06Aug2025 04:55:00.840] [Server thread/INFO] [net.minecraft.server.MinecraftServer/]: Gave 1 [Chorus Flower] to _Asriel_
[06Aug2025 04:55:22.637] [Server thread/INFO] [net.minecraft.server.MinecraftServer/]: Gave 1 [Chorus Flower] to keibel
[06Aug2025 04:57:35.486] [Server thread/INFO] [net.minecraft.server.MinecraftServer/]: [Not Secure] <_Asriel_> no, pa ponerselo en su casa
[06Aug2025 05:00:12.412] [Server thread/INFO] [net.minecraft.server.MinecraftServer/]: [Not Secure] <morax> ariell no te lleves toda la conexion
[06Aug2025 05:01:17.851] [Server thread/WARN] [net.minecraft.server.level.ServerPlayerGameMode/]: Mismatch in destroy block pos: BlockPos{x=410, y=64, z=571} BlockPos{x=409, y=63, z=571}
[06Aug2025 05:01:17.897] [Server thread/WARN] [net.minecraft.server.level.ServerPlayerGameMode/]: Mismatch in destroy block pos: BlockPos{x=410, y=64, z=571} BlockPos{x=409, y=63, z=571}
[06Aug2025 05:01:47.480] [Server thread/INFO] [net.minecraft.server.MinecraftServer/]: [Not Secure] <_Asriel_> upsi
[06Aug2025 05:02:01.730] [Server thread/INFO] [net.minecraft.server.MinecraftServer/]: [Not Secure] <_Asriel_> vine a salvarte hijo mio
[06Aug2025 05:02:08.462] [Server thread/INFO] [net.minecraft.server.MinecraftServer/]: [Not Secure] <desgo> dios?
[06Aug2025 05:02:17.790] [Server thread/INFO] [net.minecraft.server.MinecraftServer/]: [Not Secure] <_Asriel_> no, illojuan
[06Aug2025 05:02:22.981] [Server thread/INFO] [net.minecraft.server.MinecraftServer/]: [Not Secure] <_Asriel_> claro q dios
[06Aug2025 05:02:26.730] [Server thread/INFO] [net.minecraft.server.MinecraftServer/]: [Not Secure] <_Asriel_> sube y ven
[06Aug2025 05:02:29.397] [Server thread/INFO] [net.minecraft.server.MinecraftServer/]: [Not Secure] <_Asriel_> aqui arriba
[06Aug2025 05:02:32.139] [Server thread/INFO] [net.minecraft.server.MinecraftServer/]: [Not Secure] <_Asriel_> está el cielo
[06Aug2025 05:02:36.190] [Server thread/INFO] [net.minecraft.server.MinecraftServer/]: [Not Secure] <_Asriel_> por el que tanto luché
[06Aug2025 05:02:36.705] [Server thread/INFO] [net.minecraft.server.MinecraftServer/]: [Not Secure] <desgo> aw me habia ilusionado con illojuan
[06Aug2025 05:02:42.930] [Server thread/INFO] [net.minecraft.server.MinecraftServer/]: [Not Secure] <_Asriel_> hasta yo
[06Aug2025 05:03:18.507] [Server thread/WARN] [net.minecraft.server.level.ServerPlayerGameMode/]: Mismatch in destroy block pos: BlockPos{x=415, y=64, z=585} BlockPos{x=413, y=63, z=585}
[06Aug2025 05:03:22.780] [Server thread/INFO] [net.minecraft.server.network.ServerGamePacketListenerImpl/]: morax lost connection: Timed out
[06Aug2025 05:03:22.780] [Server thread/INFO] [net.minecraft.server.MinecraftServer/]: morax left the game
[06Aug2025 05:03:22.837] [Server thread/WARN] [net.minecraft.network.Connection/]: handleDisconnection() called twice
[06Aug2025 05:03:31.738] [Server thread/INFO] [net.minecraft.server.MinecraftServer/]: [Not Secure] <_Asriel_> Dios mio
[06Aug2025 05:03:33.153] [Server thread/INFO] [net.minecraft.server.MinecraftServer/]: [Not Secure] <desgo> twin towers
[06Aug2025 05:03:43.115] [Server thread/INFO] [net.minecraft.server.players.PlayerList/]: morax[/127.226.204.130:38541] logged in with entity id 24418 at (414.16171368381487, 63.0, 590.0533526135125)
[06Aug2025 05:03:43.119] [Server thread/INFO] [net.minecraft.server.MinecraftServer/]: morax joined the game
[06Aug2025 05:03:43.166] [Server thread/ERROR] [net.minecraft.world.item.ItemStack/]: Tried to load invalid item: 'No key id in MapLike[{}]'
[06Aug2025 05:03:43.168] [Server thread/ERROR] [net.minecraft.world.item.ItemStack/]: Tried to load invalid item: 'No key id in MapLike[{}]'
[06Aug2025 05:03:43.170] [Server thread/ERROR] [net.minecraft.world.item.ItemStack/]: Tried to load invalid item: 'No key id in MapLike[{}]'
[06Aug2025 05:03:43.171] [Server thread/ERROR] [net.minecraft.world.item.ItemStack/]: Tried to load invalid item: 'No key id in MapLike[{}]'
[06Aug2025 05:03:43.172] [Server thread/ERROR] [net.minecraft.world.item.ItemStack/]: Tried to load invalid item: 'No key id in MapLike[{}]'
[06Aug2025 05:03:43.545] [Server thread/INFO] [net.minecraft.server.MinecraftServer/]: [Not Secure] <_Asriel_> un traje de maid en el medio
[06Aug2025 05:04:23.357] [Server thread/INFO] [net.minecraft.server.MinecraftServer/]: [Not Secure] <desgo> tengo una idea
[06Aug2025 05:04:40.808] [Server thread/INFO] [net.minecraft.server.MinecraftServer/]: [Not Secure] <_Asriel_> a ver
[06Aug2025 05:05:12.866] [Server thread/INFO] [net.minecraft.server.MinecraftServer/]: [Not Secure] <_Asriel_> asre el mod este permitirá gif?
[06Aug2025 05:05:20.459] [Server thread/INFO] [net.minecraft.server.MinecraftServer/]: [Not Secure] <morax> no
[06Aug2025 05:05:23.633] [Server thread/INFO] [net.minecraft.server.MinecraftServer/]: [Not Secure] <_Asriel_> mielda
[06Aug2025 05:06:54.384] [Server thread/INFO] [net.minecraft.server.MinecraftServer/]: [Not Secure] <desgo> xd
[06Aug2025 05:06:56.295] [Server thread/INFO] [net.minecraft.server.MinecraftServer/]: [Not Secure] <_Asriel_> es una cruz
[06Aug2025 05:07:01.386] [Server thread/INFO] [net.minecraft.server.MinecraftServer/]: [Not Secure] <desgo> tienes camara
[06Aug2025 05:07:07.004] [Server thread/INFO] [net.minecraft.server.MinecraftServer/]: [Not Secure] <_Asriel_> y accion
[06Aug2025 05:08:04.082] [Server thread/INFO] [net.minecraft.server.MinecraftServer/]: [Not Secure] <_Asriel_> mi novio
[06Aug2025 05:08:07.216] [Server thread/INFO] [net.minecraft.server.MinecraftServer/]: [Not Secure] <_Asriel_> espera
[06Aug2025 05:10:50.732] [Server thread/INFO] [net.minecraft.server.MinecraftServer/]: [Not Secure] <_Asriel_> dame la camara
[06Aug2025 05:11:24.691] [Server thread/INFO] [net.minecraft.server.MinecraftServer/]: [Not Secure] <desgo> yaoi caballero oe si
[06Aug2025 05:11:25.130] [Server thread/INFO] [net.minecraft.server.MinecraftServer/]: [Not Secure] <_Asriel_> asere
[06Aug2025 05:11:31.465] [Server thread/INFO] [net.minecraft.server.MinecraftServer/]: [Not Secure] <_Asriel_> voy a buscar una de yalain
[06Aug2025 05:11:49.415] [Server thread/INFO] [net.minecraft.server.MinecraftServer/]: [Not Secure] <desgo> ohh trabas
[06Aug2025 05:13:02.741] [Server thread/INFO] [net.minecraft.server.players.PlayerList/]: Dalej[/127.63.159.23:49575] logged in with entity id 30222 at (63.050560515684026, 73.0, 602.6133664755785)
[06Aug2025 05:13:02.746] [Server thread/INFO] [net.minecraft.server.MinecraftServer/]: Dalej joined the game
[06Aug2025 05:13:02.809] [Server thread/ERROR] [net.minecraft.world.item.ItemStack/]: Tried to load invalid item: 'No key id in MapLike[{}]'
[06Aug2025 05:13:48.235] [Server thread/INFO] [net.minecraft.server.network.ServerGamePacketListenerImpl/]: Dalej lost connection: Disconnected
[06Aug2025 05:13:48.236] [Server thread/INFO] [net.minecraft.server.MinecraftServer/]: Dalej left the game
[06Aug2025 05:14:48.583] [Server thread/INFO] [net.minecraft.server.players.PlayerList/]: Dalej[/127.63.159.23:50453] logged in with entity id 31295 at (63.434917752820056, 71.0, 599.3569494999083)
[06Aug2025 05:14:48.586] [Server thread/INFO] [net.minecraft.server.MinecraftServer/]: Dalej joined the game
[06Aug2025 05:14:48.635] [Server thread/ERROR] [net.minecraft.world.item.ItemStack/]: Tried to load invalid item: 'No key id in MapLike[{}]'
[06Aug2025 05:15:54.100] [Server thread/INFO] [net.minecraft.server.MinecraftServer/]: [Not Secure] <_Asriel_> una historia de amor
[06Aug2025 05:15:56.914] [Server thread/INFO] [net.minecraft.server.MinecraftServer/]: [Not Secure] <_Asriel_> con una tricion
[06Aug2025 05:15:59.241] [Server thread/INFO] [net.minecraft.server.MinecraftServer/]: [Not Secure] <_Asriel_> traicion
[06Aug2025 05:16:02.105] [Server thread/INFO] [net.minecraft.server.MinecraftServer/]: [Not Secure] <_Asriel_> KAKAKAAJKASDJKASJDKASJKDA
[06Aug2025 05:16:04.904] [Server thread/INFO] [net.minecraft.server.MinecraftServer/]: [Not Secure] <desgo> AJAJAJ
[06Aug2025 05:16:18.307] [Server thread/WARN] [net.minecraft.server.level.ServerPlayerGameMode/]: Mismatch in destroy block pos: BlockPos{x=478, y=53, z=569} BlockPos{x=479, y=54, z=569}
[06Aug2025 05:16:26.294] [Server thread/INFO] [net.minecraft.server.MinecraftServer/]: [Not Secure] <desgo> es el meme de milk ya esta la cena? no goku no me pegues
[06Aug2025 05:16:37.189] [Server thread/INFO] [net.minecraft.server.MinecraftServer/]: [Not Secure] <_Asriel_> EY BORI COME LETS GO FUCK
[06Aug2025 05:17:06.583] [Server thread/INFO] [net.minecraft.server.MinecraftServer/]: [Not Secure] <desgo> hit me with that tv castillo
[06Aug2025 05:17:29.392] [Server thread/INFO] [net.minecraft.server.MinecraftServer/]: [Not Secure] <desgo> metemelo x el puerto hdmi fuego fuego
[06Aug2025 05:18:04.982] [Server thread/INFO] [net.minecraft.server.MinecraftServer/]: [Not Secure] <desgo> daviiiiiiiiiiiiid
[06Aug2025 05:18:13.865] [Server thread/INFO] [net.minecraft.server.MinecraftServer/]: [Not Secure] <desgo> se me reseteo el singao mapa
[06Aug2025 05:18:14.114] [Server thread/INFO] [net.minecraft.server.MinecraftServer/]: [Not Secure] <Dalej> dimeeeeeee
[06Aug2025 05:18:24.111] [Server thread/INFO] [net.minecraft.server.MinecraftServer/]: [Not Secure] <desgo> ahora parece que no salgo de micasa
[06Aug2025 05:18:28.783] [Server thread/INFO] [net.minecraft.server.MinecraftServer/]: [Not Secure] <Dalej> wtf
[06Aug2025 05:18:31.290] [Server thread/INFO] [net.minecraft.server.MinecraftServer/]: [Not Secure] <desgo> que no pero bueno
[06Aug2025 05:18:46.762] [Server thread/INFO] [net.minecraft.server.MinecraftServer/]: [Not Secure] <_Asriel_> dame madera
[06Aug2025 05:18:52.252] [Server thread/INFO] [net.minecraft.server.MinecraftServer/]: [Not Secure] <_Asriel_> me he gastado todo haciendo la pinga esta
[06Aug2025 05:19:05.197] [Server thread/INFO] [net.minecraft.server.players.PlayerList/]: MandyXMaster687[/127.84.190.91:51625] logged in with entity id 34759 at (15.5, 66.0, -1.5)
[06Aug2025 05:19:05.199] [Server thread/INFO] [net.minecraft.server.MinecraftServer/]: MandyXMaster687 joined the game
[06Aug2025 05:19:14.043] [Server thread/INFO] [net.minecraft.server.MinecraftServer/]: [Not Secure] <morax> Otia
[06Aug2025 05:19:19.266] [Server thread/INFO] [net.minecraft.server.MinecraftServer/]: [Not Secure] <morax> y ese milagro
[06Aug2025 05:19:30.989] [Server thread/INFO] [net.minecraft.server.MinecraftServer/]: [Not Secure] <MandyXMaster687> jsjsjs
[06Aug2025 05:20:48.993] [Server thread/ERROR] [net.minecraft.world.item.ItemStack/]: Tried to load invalid item: 'No key id in MapLike[{}]'
[06Aug2025 05:20:48.993] [Server thread/ERROR] [net.minecraft.world.item.ItemStack/]: Tried to load invalid item: 'No key id in MapLike[{}]'
[06Aug2025 05:20:48.994] [Server thread/ERROR] [net.minecraft.world.item.ItemStack/]: Tried to load invalid item: 'No key id in MapLike[{}]'
[06Aug2025 05:20:48.994] [Server thread/ERROR] [net.minecraft.world.item.ItemStack/]: Tried to load invalid item: 'No key id in MapLike[{}]'
[06Aug2025 05:20:48.994] [Server thread/ERROR] [net.minecraft.world.item.ItemStack/]: Tried to load invalid item: 'No key id in MapLike[{}]'
[06Aug2025 05:20:48.994] [Server thread/ERROR] [net.minecraft.world.item.ItemStack/]: Tried to load invalid item: 'No key id in MapLike[{}]'
[06Aug2025 05:20:56.595] [Server thread/INFO] [net.minecraft.server.MinecraftServer/]: [Not Secure] <Dalej> keibel, estas 3 cuadras mas alla de casa de la pinga
[06Aug2025 05:21:05.786] [Server thread/INFO] [net.minecraft.server.MinecraftServer/]: [Not Secure] <morax> cojone
[06Aug2025 05:21:12.735] [Server thread/INFO] [net.minecraft.server.MinecraftServer/]: [Not Secure] <keibel> mas menos
[06Aug2025 05:21:16.762] [Server thread/INFO] [net.minecraft.server.MinecraftServer/]: [Not Secure] <desgo> 3 pingas mas alla
[06Aug2025 05:21:17.556] [Server thread/INFO] [net.minecraft.server.MinecraftServer/]: [Not Secure] <morax> keibel esta buscando el one piece
[06Aug2025 05:21:22.037] [Server thread/INFO] [net.minecraft.server.MinecraftServer/]: MandyXMaster687 has made the advancement [Monster Hunter]
[06Aug2025 05:21:32.392] [Server thread/INFO] [net.minecraft.server.MinecraftServer/]: [Not Secure] <_Asriel_> diego terminé mi obra maestr
[06Aug2025 05:21:58.137] [Server thread/INFO] [net.minecraft.server.MinecraftServer/]: MandyXMaster687 has made the advancement [Stone Age]
[06Aug2025 05:22:09.590] [Server thread/INFO] [net.minecraft.server.MinecraftServer/]: [Not Secure] <_Asriel_> hermoso
[06Aug2025 05:22:18.048] [Server thread/INFO] [net.minecraft.server.MinecraftServer/]: MandyXMaster687 has made the advancement [Getting an Upgrade]
[06Aug2025 05:22:24.957] [Server thread/INFO] [net.minecraft.server.MinecraftServer/]: [Not Secure] <_Asriel_> toma
[06Aug2025 05:22:29.937] [Server thread/INFO] [net.minecraft.server.MinecraftServer/]: [Not Secure] <_Asriel_> te voy a bendecir
[06Aug2025 05:22:33.101] [Server thread/INFO] [net.minecraft.server.MinecraftServer/]: [Not Secure] <_Asriel_> para pirarme
[06Aug2025 05:22:41.391] [Server thread/INFO] [net.minecraft.server.MinecraftServer/]: [Not Secure] <_Asriel_> in nombre do padre hijo e spiriti santi
[06Aug2025 05:22:44.836] [Server thread/INFO] [net.minecraft.server.MinecraftServer/]: [Not Secure] <_Asriel_> amen
[06Aug2025 05:22:45.036] [Server thread/INFO] [net.minecraft.server.MinecraftServer/]: desgo has made the advancement [Cover Me with Diamonds]
[06Aug2025 05:22:58.304] [Server thread/INFO] [net.minecraft.server.MinecraftServer/]: [Not Secure] <desgo> amen
[06Aug2025 05:23:39.640] [Server thread/INFO] [net.minecraft.server.MinecraftServer/]: MandyXMaster687 was shot by Illusioner
[06Aug2025 05:26:06.637] [Server thread/INFO] [net.minecraft.server.MinecraftServer/]: [Not Secure] <_Asriel_> bling bling
[06Aug2025 05:26:09.843] [Server thread/INFO] [net.minecraft.server.MinecraftServer/]: [Not Secure] <_Asriel_> dame lo mio
[06Aug2025 05:26:24.496] [Server thread/INFO] [net.minecraft.server.MinecraftServer/]: [Not Secure] <_Asriel_> arregla el casco le falta poco
[06Aug2025 05:26:31.591] [Server thread/INFO] [net.minecraft.server.MinecraftServer/]: [Not Secure] <morax> nah
[06Aug2025 05:29:34.537] [Server thread/INFO] [net.minecraft.server.MinecraftServer/]: [Not Secure] <_Asriel_> david metele el mod de stands al server, armando me dijo que quiere que metas ese mod
[06Aug2025 05:29:51.485] [Server thread/INFO] [net.minecraft.server.MinecraftServer/]: [Not Secure] <MandyXMaster687> e velda
[06Aug2025 05:29:55.292] [Server thread/INFO] [net.minecraft.server.MinecraftServer/]: [Not Secure] <_Asriel_> viste david
[06Aug2025 05:29:56.189] [Server thread/INFO] [net.minecraft.server.MinecraftServer/]: [Not Secure] <Dalej> el me dijo que quiere que yo te meya el webo
[06Aug2025 05:30:09.391] [Server thread/INFO] [net.minecraft.server.MinecraftServer/]: [Not Secure] <_Asriel_> vas a meter el mod de los stands si me dejo?
[06Aug2025 05:30:17.786] [Server thread/INFO] [net.minecraft.server.MinecraftServer/]: [Not Secure] <Dalej> meta*
[06Aug2025 05:30:39.482] [Server thread/WARN] [net.minecraft.server.network.ServerGamePacketListenerImpl/]: Dalej moved wrongly!
[06Aug2025 05:30:39.792] [Server thread/INFO] [net.minecraft.server.MinecraftServer/]: [Not Secure] <_Asriel_> vaya puta mierda de granja
[06Aug2025 05:31:14.574] [Server thread/INFO] [net.minecraft.server.MinecraftServer/]: MandyXMaster687 was slain by Enderman
[06Aug2025 05:31:33.543] [Server thread/INFO] [net.minecraft.server.MinecraftServer/]: [Not Secure] <desgo> arnaldo llegando a las pijamadas
[06Aug2025 05:31:33.843] [Server thread/INFO] [net.minecraft.server.MinecraftServer/]: [Not Secure] <_Asriel_> perfe
[06Aug2025 05:31:40.036] [Server thread/INFO] [net.minecraft.server.MinecraftServer/]: [Not Secure] <morax> jijijiji
[06Aug2025 05:32:23.584] [Server thread/INFO] [net.minecraft.server.MinecraftServer/]: [Not Secure] <morax> q haces ariel
[06Aug2025 05:32:49.134] [Server thread/INFO] [net.minecraft.server.MinecraftServer/]: [Not Secure] <_Asriel_> investigando
[06Aug2025 05:33:00.986] [Server thread/INFO] [net.minecraft.server.network.ServerGamePacketListenerImpl/]: morax lost connection: Timed out
[06Aug2025 05:33:00.986] [Server thread/INFO] [net.minecraft.server.MinecraftServer/]: morax left the game
[06Aug2025 05:33:16.983] [Server thread/INFO] [net.minecraft.server.MinecraftServer/]: [Not Secure] <_Asriel_> keibel linda casa
[06Aug2025 05:33:21.423] [Server thread/INFO] [net.minecraft.server.players.PlayerList/]: morax[/127.16.122.42:52513] logged in with entity id 48369 at (364.44653955289465, 114.5, 262.3463695661446)
[06Aug2025 05:33:21.428] [Server thread/INFO] [net.minecraft.server.MinecraftServer/]: morax joined the game
[06Aug2025 05:33:21.477] [Server thread/ERROR] [net.minecraft.world.item.ItemStack/]: Tried to load invalid item: 'No key id in MapLike[{}]'
[06Aug2025 05:33:21.478] [Server thread/ERROR] [net.minecraft.world.item.ItemStack/]: Tried to load invalid item: 'No key id in MapLike[{}]'
[06Aug2025 05:33:21.479] [Server thread/ERROR] [net.minecraft.world.item.ItemStack/]: Tried to load invalid item: 'No key id in MapLike[{}]'
[06Aug2025 05:33:21.479] [Server thread/ERROR] [net.minecraft.world.item.ItemStack/]: Tried to load invalid item: 'No key id in MapLike[{}]'
[06Aug2025 05:33:21.480] [Server thread/ERROR] [net.minecraft.world.item.ItemStack/]: Tried to load invalid item: 'No key id in MapLike[{}]'
[06Aug2025 05:33:43.055] [Server thread/INFO] [net.minecraft.server.MinecraftServer/]: [Not Secure] <morax> acere ando con 46 mb/s y aun asi me saca del server
[06Aug2025 05:33:43.336] [Server thread/INFO] [net.minecraft.server.MinecraftServer/]: [Not Secure] <_Asriel_> keibel
[06Aug2025 05:33:52.440] [Server thread/INFO] [net.minecraft.server.MinecraftServer/]: [Not Secure] <keibel> diem
[06Aug2025 05:33:57.845] [Server thread/INFO] [net.minecraft.server.MinecraftServer/]: [Not Secure] <_Asriel_> ven a tu casa
[06Aug2025 05:33:59.635] [Server thread/INFO] [net.minecraft.server.MinecraftServer/]: [Not Secure] <_Asriel_> un momento
[06Aug2025 05:34:01.483] [Server thread/INFO] [net.minecraft.server.MinecraftServer/]: [Not Secure] <_Asriel_> jijij
[06Aug2025 05:34:10.984] [Server thread/INFO] [net.minecraft.server.MinecraftServer/]: [Not Secure] <keibel> banenlo
[06Aug2025 05:34:22.183] [Server thread/INFO] [net.minecraft.server.MinecraftServer/]: [Not Secure] <_Asriel_> puta meirda esa granja de caña
[06Aug2025 05:37:10.235] [Server thread/ERROR] [net.minecraft.world.item.ItemStack/]: Tried to load invalid item: 'No key id in MapLike[{}]'
[06Aug2025 05:37:10.235] [Server thread/ERROR] [net.minecraft.world.item.ItemStack/]: Tried to load invalid item: 'No key id in MapLike[{}]'
[06Aug2025 05:37:10.235] [Server thread/ERROR] [net.minecraft.world.item.ItemStack/]: Tried to load invalid item: 'No key id in MapLike[{}]'
[06Aug2025 05:37:10.236] [Server thread/ERROR] [net.minecraft.world.item.ItemStack/]: Tried to load invalid item: 'No key id in MapLike[{}]'
[06Aug2025 05:37:10.236] [Server thread/ERROR] [net.minecraft.world.item.ItemStack/]: Tried to load invalid item: 'No key id in MapLike[{}]'
[06Aug2025 05:37:10.236] [Server thread/ERROR] [net.minecraft.world.item.ItemStack/]: Tried to load invalid item: 'No key id in MapLike[{}]'
